<?xml version="1.0" encoding="UTF-8"?>
<testsuites name="jest tests" tests="19" failures="0" errors="0" time="1.295">
  <testsuite name="packages/website/src/libraries/prismic/PrismicLinkResolver.spec.ts" errors="0" failures="0" skipped="0" timestamp="2023-05-31T15:39:29" time="0.843" tests="1">
    <testcase classname="Prismic/Helpers/Link › #PrismicLinkResolver converts case_study" name="Prismic/Helpers/Link › #PrismicLinkResolver converts case_study" time="0.002">
    </testcase>
  </testsuite>
  <testsuite name="packages/design-system/src/components/Magazine/Magazine.helpers.spec.ts" errors="0" failures="0" skipped="0" timestamp="2023-05-31T15:39:29" time="0.864" tests="18">
    <testcase classname="Magazine/Helpers › #convertSpreadToPage › @display:single converts extreme values" name="Magazine/Helpers › #convertSpreadToPage › @display:single converts extreme values" time="0.002">
    </testcase>
    <testcase classname="Magazine/Helpers › #convertSpreadToPage › @display:single converts regular values" name="Magazine/Helpers › #convertSpreadToPage › @display:single converts regular values" time="0.001">
    </testcase>
    <testcase classname="Magazine/Helpers › #convertSpreadToPage › @display:double converts extreme values" name="Magazine/Helpers › #convertSpreadToPage › @display:double converts extreme values" time="0">
    </testcase>
    <testcase classname="Magazine/Helpers › #convertSpreadToPage › @display:double converts regular values" name="Magazine/Helpers › #convertSpreadToPage › @display:double converts regular values" time="0.001">
    </testcase>
    <testcase classname="Magazine/Helpers › #convertPageToSpread › @display:single converts extreme values" name="Magazine/Helpers › #convertPageToSpread › @display:single converts extreme values" time="0">
    </testcase>
    <testcase classname="Magazine/Helpers › #convertPageToSpread › @display:single converts regular values" name="Magazine/Helpers › #convertPageToSpread › @display:single converts regular values" time="0.001">
    </testcase>
    <testcase classname="Magazine/Helpers › #convertPageToSpread › @display:double converts extreme values" name="Magazine/Helpers › #convertPageToSpread › @display:double converts extreme values" time="0.001">
    </testcase>
    <testcase classname="Magazine/Helpers › #convertPageToSpread › @display:double converts regular values" name="Magazine/Helpers › #convertPageToSpread › @display:double converts regular values" time="0.001">
    </testcase>
    <testcase classname="Magazine/Helpers › #convertSpreadToPageNumbers › @display:single returns first page as self" name="Magazine/Helpers › #convertSpreadToPageNumbers › @display:single returns first page as self" time="0.003">
    </testcase>
    <testcase classname="Magazine/Helpers › #convertSpreadToPageNumbers › @display:single returns last page as self" name="Magazine/Helpers › #convertSpreadToPageNumbers › @display:single returns last page as self" time="0.004">
    </testcase>
    <testcase classname="Magazine/Helpers › #convertSpreadToPageNumbers › @display:single returns middle pages as range" name="Magazine/Helpers › #convertSpreadToPageNumbers › @display:single returns middle pages as range" time="0.001">
    </testcase>
    <testcase classname="Magazine/Helpers › #convertSpreadToPageNumbers › @display:double returns first page as self" name="Magazine/Helpers › #convertSpreadToPageNumbers › @display:double returns first page as self" time="0">
    </testcase>
    <testcase classname="Magazine/Helpers › #convertSpreadToPageNumbers › @display:double returns last page as self" name="Magazine/Helpers › #convertSpreadToPageNumbers › @display:double returns last page as self" time="0">
    </testcase>
    <testcase classname="Magazine/Helpers › #convertSpreadToPageNumbers › @display:double returns middle pages as range" name="Magazine/Helpers › #convertSpreadToPageNumbers › @display:double returns middle pages as range" time="0.001">
    </testcase>
    <testcase classname="Magazine/Helpers › #normalizePage › @display:single converts extreme values" name="Magazine/Helpers › #normalizePage › @display:single converts extreme values" time="0">
    </testcase>
    <testcase classname="Magazine/Helpers › #normalizePage › @display:single converts regular values" name="Magazine/Helpers › #normalizePage › @display:single converts regular values" time="0">
    </testcase>
    <testcase classname="Magazine/Helpers › #normalizePage › @display:double converts extreme values" name="Magazine/Helpers › #normalizePage › @display:double converts extreme values" time="0.001">
    </testcase>
    <testcase classname="Magazine/Helpers › #normalizePage › @display:double converts regular values" name="Magazine/Helpers › #normalizePage › @display:double converts regular values" time="0">
    </testcase>
  </testsuite>
</testsuites>